POST /api/v1/auth/login - 
  2024-06-26 
  17:58:56
POST /api/v1/auth/login - 
  2024-06-28 
  17:24:16
POST /api/v1/auth/login - 
  2024-06-28 
  17:24:19
POST /api/v1/auth/login%20 - 
  2024-06-28 
  17:25:59
GET /api/v1/auth/me/dac84ddadd1e-47e6-9107-8eddec515aa2 - 
  2024-06-28 
  17:53:50
POST /api/v1/auth/register - 
  2024-06-28 
  18:04:05
POST /api/v1/auth/login - 
  2024-06-28 
  18:04:46
POST /api/v1/auth/login - 
  2024-06-28 
  18:05:37
POST /api/v1/auth/login - 
  2024-06-28 
  18:06:49
GET /api/v1/auth/me - 
  2024-06-28 
  18:10:42
POST /api/v1/auth/register - 
  2024-06-28 
  18:18:58
POST /api/v1/auth/login - 
  2024-06-28 
  18:22:29
GET /api/v1/auth/me - 
  2024-06-28 
  18:24:37
GET /api/v1/auth/me - 
  2024-06-28 
  18:46:07
POST /api/v1/auth/login - 
  2024-06-29 
  15:45:42
POST /api/v1/auth/login - 
  2024-06-29 
  15:47:24
GET /api/v1/auth/me - 
  2024-06-29 
  15:47:55
GET /api/v1/auth/me - 
  2024-06-29 
  15:48:18
POST /api/v1/auth/login - 
  2024-06-29 
  15:48:30
POST /api/v1/auth/login - 
  2024-06-29 
  15:50:16
GET /api/v1/auth/me - 
  2024-06-29 
  15:55:56
GET /api/v1/auth/me - 
  2024-06-29 
  16:00:50
GET /api/v1/auth/me - 
  2024-06-29 
  16:04:26
GET /api/v1/auth/me - 
  2024-06-29 
  16:05:33
GET /api/v1/auth/me - 
  2024-06-29 
  16:09:35
GET /api/v1/auth/me - 
  2024-06-29 
  16:10:19
GET /api/v1/auth/me - 
  2024-06-29 
  16:56:20
POST /api/v1/auth/login - 
  2024-06-29 
  16:57:43
POST /api/v1/auth/login - 
  2024-06-29 
  16:58:11
GET /api/v1/auth/me - 
  2024-06-29 
  16:59:12
GET /api/v1/auth/me - 
  2024-06-29 
  17:17:12
GET /api/v1/auth/me - 
  2024-06-29 
  17:18:38
POST /api/v1/auth/login - 
  2024-06-29 
  17:18:47
GET /api/v1/auth/me - 
  2024-06-29 
  17:19:34
GET /api/v1/auth/me - 
  2024-06-29 
  17:26:21
GET /api/v1/auth/me - 
  2024-06-29 
  17:27:39
GET /api/v1/auth/me - 
  2024-06-29 
  17:29:05
GET /api/v1/auth/me - 
  2024-06-29 
  17:31:20
GET /api/v1/auth/me - 
  2024-06-29 
  17:32:00
GET /api/v1/auth/me - 
  2024-06-29 
  17:32:42
POST /api/v1/auth/login - 
  2024-06-29 
  17:42:08
POST /api/v1/auth/login - 
  2024-06-29 
  17:44:04
POST /api/v1/auth/login - 
  2024-06-29 
  17:44:28
GET /api/v1/auth/me - 
  2024-06-29 
  17:45:10
GET /api/v1/auth/me - 
  2024-06-29 
  17:47:27
GET /api/v1//auth/me - 
  2024-06-29 
  17:48:14
GET /api/v1/auth/me - 
  2024-06-29 
  17:48:47
GET /api/v1/auth/me - 
  2024-06-29 
  17:50:39
GET /api/v1/auth/me - 
  2024-06-29 
  17:51:57
GET /api/v1/auth/me - 
  2024-06-29 
  17:52:24
GET /api/v1/auth/me - 
  2024-06-29 
  17:52:58
GET /api/v1/auth/me - 
  2024-06-29 
  17:53:15
GET /api/v1/auth/me - 
  2024-06-29 
  17:54:25
GET /api/v1/auth/me - 
  2024-06-29 
  17:54:58
GET /api/v1/auth/me - 
  2024-06-29 
  17:55:10
GET /api/v1/auth/me - 
  2024-06-29 
  17:55:24
GET /api/v1/auth/me - 
  2024-06-29 
  17:55:37
GET /api/v1/auth/me - 
  2024-06-29 
  17:55:44
POST /api/v1/auth/login - 
  2024-06-29 
  17:58:09
POST /api/v1/auth/login - 
  2024-06-29 
  18:00:10
POST /api/v1/auth/login - 
  2024-06-29 
  18:01:29
GET /api/v1/auth/me - 
  2024-06-29 
  18:01:41
GET /api/v1/auth/me - 
  2024-06-29 
  18:03:06
GET /api/v1/auth/me - 
  2024-06-29 
  18:04:15
GET /api/v1/auth/me - 
  2024-06-29 
  18:04:20
GET /api/v1/auth/me - 
  2024-06-29 
  18:04:25
GET /api/v1/auth/me - 
  2024-06-29 
  18:08:43
GET /api/v1/auth/me - 
  2024-06-29 
  18:09:12
GET /api/v1/auth/me - 
  2024-06-29 
  18:09:42
POST /api/v1/auth/login - 
  2024-06-29 
  18:12:13
GET /api/v1/auth/me - 
  2024-06-29 
  18:12:58
GET /api/v1/auth/me - 
  2024-06-29 
  18:13:12
GET /api/v1/auth/me - 
  2024-06-29 
  18:13:24
GET /api/v1/auth/me - 
  2024-06-29 
  18:14:38
GET /api/v1/auth/me - 
  2024-06-29 
  18:14:47
POST /api/v1/auth/register - 
  2024-06-30 
  14:27:15
POST /api/v1/auth/login - 
  2024-06-30 
  14:27:45
GET /api/v1/auth/me - 
  2024-06-30 
  14:28:25
POST /api/v1/auth/login - 
  2024-06-30 
  14:35:42
GET /api/v1/auth/me - 
  2024-06-30 
  14:38:46
GET /api/v1/auth/me - 
  2024-06-30 
  14:39:41
POST /api/v1/auth/login - 
  2024-06-30 
  14:40:20
GET /api/v1/auth/me - 
  2024-06-30 
  14:40:34
POST /api/v1/auth/login - 
  2024-06-30 
  14:40:59
GET /api/v1/auth/me - 
  2024-06-30 
  14:41:44
POST /api/v1/transactions/transaction - 
  2024-06-30 
  14:53:11
POST /api/v1/auth/register - 
  2024-06-30 
  15:56:10
GET /api/v1/transactions - 
  2024-06-30 
  17:00:22
POST /api/v1/auth/register - 
  2024-06-30 
  17:16:55
POST /api/v1/auth/login - 
  2024-06-30 
  17:17:26
GET /api/v1/auth/me - 
  2024-06-30 
  17:18:07
POST /api/v1/auth/register - 
  2024-06-30 
  17:18:53
POST /api/v1/auth/register - 
  2024-06-30 
  17:19:21
POST /api/v1/auth/register - 
  2024-07-01 
  14:15:21
POST /api/v1/auth/login - 
  2024-07-01 
  14:15:30
GET /api/v1/auth/me - 
  2024-07-01 
  14:15:44
GET /api/v1/auth/me - 
  2024-07-01 
  14:16:12
POST /api/v1/auth/login - 
  2024-07-01 
  14:16:29
POST /api/v1/auth/register - 
  2024-07-01 
  14:17:15
POST /api/v1/auth/login - 
  2024-07-01 
  14:19:03
GET /api/v1/auth/me - 
  2024-07-01 
  14:19:10
GET /api/v1/ - 
  2024-07-01 
  14:21:43
GET /api/v1/ - 
  2024-07-01 
  14:24:18
GET /api/v1/ - 
  2024-07-01 
  14:28:12
GET /api/v1// - 
  2024-07-01 
  14:28:29
GET /api/v1 - 
  2024-07-01 
  14:28:55
POST /api/v1/auth/login - 
  2024-07-01 
  14:30:21
GET /api/v1/auth/me - 
  2024-07-01 
  14:30:27
GET /api/v1/transactions/transaction - 
  2024-07-01 
  14:34:57
POST /api/v1/transactions/transaction - 
  2024-07-01 
  14:35:32
POST /api/v1/transactions/transaction - 
  2024-07-01 
  14:38:50
POST /api/v1/transactions/transaction - 
  2024-07-01 
  14:39:54
POST /api/v1/transaction - 
  2024-07-01 
  14:42:05
GET /api/v1/transactions - 
  2024-07-01 
  14:42:19
GET /api/v1/transactions - 
  2024-07-01 
  14:42:39
POST /api/v1/transactions/transaction - 
  2024-07-01 
  14:43:03
GET /api/v1/blockchain - 
  2024-07-01 
  14:43:55
GET /api/v1/wallet/transactions - 
  2024-07-01 
  14:43:55
POST /api/v1/transactions/transaction - 
  2024-07-01 
  14:44:15
POST /api/v1/wallet/transaction - 
  2024-07-01 
  14:45:13
POST /api/v1/wallet/transaction - 
  2024-07-01 
  14:47:11
GET /api/v1/blockchain - 
  2024-07-01 
  14:47:12
GET /api/v1/blockchain - 
  2024-07-01 
  14:47:12
GET /api/v1/blockchain - 
  2024-07-01 
  14:48:47
GET /api/v1/wallet/transactions - 
  2024-07-01 
  14:48:47
GET /api/v1/wallet/transactions - 
  2024-07-01 
  14:49:54
GET /api/v1/ - 
  2024-07-01 
  14:50:05
GET /api/v1/ - 
  2024-07-01 
  14:54:12
GET /api/v1/blockchain - 
  2024-07-01 
  14:55:02
GET /api/v1/block - 
  2024-07-01 
  14:55:36
GET /api/v1/block/mine - 
  2024-07-01 
  14:57:30
GET /api/v1/blockchain - 
  2024-07-01 
  14:57:58
POST /api/v1/wallet/transaction - 
  2024-07-01 
  14:58:25
GET /api/v1/block/mine - 
  2024-07-01 
  14:58:35
POST /api/v1/block/mine - 
  2024-07-01 
  14:59:13
POST /api/v1/block/mine - 
  2024-07-01 
  15:00:55
GET /api/v1/blockchain - 
  2024-07-01 
  15:01:53
GET /api/v1/wallet/transactions - 
  2024-07-01 
  15:01:53
POST /api/v1/auth/login - 
  2024-07-01 
  15:02:40
GET /api/v1/blockchain - 
  2024-07-01 
  15:03:14
GET /api/v1/wallet/transactions - 
  2024-07-01 
  15:03:14
POST /api/v1/auth/login - 
  2024-07-01 
  15:03:34
GET /api/v1/auth/me - 
  2024-07-01 
  15:03:42
POST /api/v1/wallet/transaction - 
  2024-07-01 
  15:03:52
GET /api/v1/blockchain - 
  2024-07-01 
  15:04:08
GET /api/v1/wallet/transactions - 
  2024-07-01 
  15:04:08
POST /api/v1/wallet/transaction - 
  2024-07-01 
  15:04:11
POST /api/v1/auth/login - 
  2024-07-01 
  15:04:20
GET /api/v1/auth/me - 
  2024-07-01 
  15:04:24
POST /api/v1/wallet/transaction - 
  2024-07-01 
  15:04:28
POST /api/v1/auth/login - 
  2024-07-01 
  15:04:56
GET /api/v1/auth/me - 
  2024-07-01 
  15:05:02
POST /api/v1/wallet/transaction - 
  2024-07-01 
  15:05:08
POST /api/v1/wallet/transaction - 
  2024-07-01 
  15:05:22
POST /api/v1/wallet/transaction - 
  2024-07-01 
  15:05:43
GET /api/v1/blockchain - 
  2024-07-01 
  15:09:53
GET /api/v1/wallet/transactions - 
  2024-07-01 
  15:09:53
POST /api/v1/auth/register - 
  2024-07-01 
  15:10:24
GET /api/v1/blockchain - 
  2024-07-01 
  15:10:28
GET /api/v1/wallet/transactions - 
  2024-07-01 
  15:10:28
POST /api/v1/auth/login - 
  2024-07-01 
  15:10:33
GET /api/v1/auth/me - 
  2024-07-01 
  15:10:43
POST /api/v1/wallet/transaction - 
  2024-07-01 
  15:10:49
POST /api/v1/wallet/transaction - 
  2024-07-01 
  15:12:04
GET /api/v1/blockchain - 
  2024-07-01 
  15:14:31
GET /api/v1/wallet/transactions - 
  2024-07-01 
  15:14:31
GET /api/v1/blockchain - 
  2024-07-01 
  15:14:38
GET /api/v1/wallet/transactions - 
  2024-07-01 
  15:14:38
GET /api/v1/blockchain - 
  2024-07-01 
  15:16:49
GET /api/v1/wallet/transactions - 
  2024-07-01 
  15:16:49
GET /api/v1/blockchain - 
  2024-07-01 
  15:16:58
GET /api/v1/wallet/transactions - 
  2024-07-01 
  15:16:58
POST /api/v1/auth/login - 
  2024-07-01 
  15:17:10
GET /api/v1/auth/me - 
  2024-07-01 
  15:17:17
POST /api/v1/wallet/transaction - 
  2024-07-01 
  15:17:23
POST /api/v1/wallet/transaction - 
  2024-07-01 
  15:20:02
GET /api/v1/blockchain - 
  2024-07-01 
  15:21:49
GET /api/v1/wallet/transactions - 
  2024-07-01 
  15:21:49
GET /api/v1/blockchain - 
  2024-07-01 
  15:22:38
GET /api/v1/blockchain - 
  2024-07-01 
  15:22:54
GET /api/v1/wallet/transactions - 
  2024-07-01 
  15:22:54
GET /api/v1/blockchain - 
  2024-07-01 
  15:22:59
GET /api/v1/wallet/transactions - 
  2024-07-01 
  15:22:59
GET /api/v1/blockchain - 
  2024-07-01 
  15:23:16
GET /api/v1/wallet/transactions - 
  2024-07-01 
  15:23:16
GET /api/v1/blockchain - 
  2024-07-01 
  15:25:27
GET /api/v1/wallet/transactions - 
  2024-07-01 
  15:25:28
GET /api/v1/blockchain - 
  2024-07-01 
  15:25:59
GET /api/v1/wallet/transactions - 
  2024-07-01 
  15:25:59
POST /api/v1/auth/login - 
  2024-07-01 
  15:28:06
POST /api/v1/wallet/transaction - 
  2024-07-01 
  15:28:16
GET /api/v1/wallet/mine - 
  2024-07-01 
  15:32:59
GET /api/v1/blockchain - 
  2024-07-01 
  15:47:01
GET /api/v1/wallet/transactions - 
  2024-07-01 
  15:47:01
GET /api/v1/blockchain - 
  2024-07-01 
  15:47:19
GET /api/v1/wallet/transactions - 
  2024-07-01 
  15:47:20
