Method: POST 
                   Url: /api/v1/auth/login%20 
                   Date: 2024-06-28 
                   Time: 17:25:59
                   Success: undefined - 
                   Message: ErrorResponse is not defined
Method: GET 
                   Url: /api/v1/auth/me/dac84ddadd1e-47e6-9107-8eddec515aa2 
                   Date: 2024-06-28 
                   Time: 17:53:50
                   Success: undefined - 
                   Message: ErrorResponse is not defined
Method: GET 
                   Url: /api/v1//auth/me 
                   Date: 2024-06-29 
                   Time: 17:48:14
                   Success: undefined - 
                   Message: ErrorResponse is not defined
Method: POST 
                   Url: /api/v1/transactions/transaction 
                   Date: 2024-06-30 
                   Time: 14:53:11
                   Success: undefined - 
                   Message: ErrorResponse is not defined
Method: GET 
                   Url: /api/v1/transactions 
                   Date: 2024-06-30 
                   Time: 17:00:22
                   Success: undefined - 
                   Message: ErrorResponse is not defined
Method: GET 
                   Url: /api/v1/auth/me 
                   Date: 2024-07-01 
                   Time: 14:16:12
                   Success: false - 
                   Message: jwt malformed
Method: POST 
                   Url: /api/v1/auth/login 
                   Date: 2024-07-01 
                   Time: 14:16:29
                   Success: true - 
                   Message: Wrong password
Method: POST 
                   Url: /api/v1/auth/register 
                   Date: 2024-07-01 
                   Time: 14:16:52
                   Success: undefined - 
                   Message: Expected double-quoted property name in JSON at position 66
Method: POST 
                   Url: /api/v1/auth/register 
                   Date: 2024-07-01 
                   Time: 14:17:15
                   Success: true - 
                   Message: missing required fields name:rem, email:rem@gmail.com,password: undefined
Method: GET 
                   Url: /api/v1/ 
                   Date: 2024-07-01 
                   Time: 14:21:43
                   Success: undefined - 
                   Message: ErrorResponse is not defined
Method: GET 
                   Url: /api/v1/ 
                   Date: 2024-07-01 
                   Time: 14:24:18
                   Success: undefined - 
                   Message: ErrorResponse is not defined
Method: GET 
                   Url: /api/v1/ 
                   Date: 2024-07-01 
                   Time: 14:28:12
                   Success: undefined - 
                   Message: ErrorResponse is not defined
Method: GET 
                   Url: /api/v1// 
                   Date: 2024-07-01 
                   Time: 14:28:29
                   Success: undefined - 
                   Message: ErrorResponse is not defined
Method: GET 
                   Url: /api/v1 
                   Date: 2024-07-01 
                   Time: 14:28:55
                   Success: undefined - 
                   Message: ErrorResponse is not defined
Method: GET 
                   Url: /api/v1/transactions/transaction 
                   Date: 2024-07-01 
                   Time: 14:34:57
                   Success: undefined - 
                   Message: ErrorResponse is not defined
Method: POST 
                   Url: /api/v1/transactions/transaction 
                   Date: 2024-07-01 
                   Time: 14:35:32
                   Success: undefined - 
                   Message: ErrorResponse is not defined
Method: POST 
                   Url: /api/v1/transactions/transaction 
                   Date: 2024-07-01 
                   Time: 14:38:50
                   Success: undefined - 
                   Message: ErrorResponse is not defined
Method: POST 
                   Url: /api/v1/transactions/transaction 
                   Date: 2024-07-01 
                   Time: 14:39:54
                   Success: undefined - 
                   Message: ErrorResponse is not defined
Method: POST 
                   Url: /api/v1/transaction 
                   Date: 2024-07-01 
                   Time: 14:42:05
                   Success: undefined - 
                   Message: ErrorResponse is not defined
Method: GET 
                   Url: /api/v1/transactions 
                   Date: 2024-07-01 
                   Time: 14:42:19
                   Success: undefined - 
                   Message: ErrorResponse is not defined
Method: GET 
                   Url: /api/v1/transactions 
                   Date: 2024-07-01 
                   Time: 14:42:39
                   Success: undefined - 
                   Message: ErrorResponse is not defined
Method: POST 
                   Url: /api/v1/transactions/transaction 
                   Date: 2024-07-01 
                   Time: 14:43:03
                   Success: undefined - 
                   Message: ErrorResponse is not defined
Method: POST 
                   Url: /api/v1/transactions/transaction 
                   Date: 2024-07-01 
                   Time: 14:44:15
                   Success: undefined - 
                   Message: ErrorResponse is not defined
Method: GET 
                   Url: /api/v1/ 
                   Date: 2024-07-01 
                   Time: 14:50:05
                   Success: undefined - 
                   Message: ErrorResponse is not defined
Method: GET 
                   Url: /api/v1/ 
                   Date: 2024-07-01 
                   Time: 14:54:12
                   Success: undefined - 
                   Message: ErrorResponse is not defined
Method: GET 
                   Url: /api/v1/block 
                   Date: 2024-07-01 
                   Time: 14:55:36
                   Success: undefined - 
                   Message: ErrorResponse is not defined
Method: GET 
                   Url: /api/v1/block/mine 
                   Date: 2024-07-01 
                   Time: 14:57:30
                   Success: undefined - 
                   Message: ErrorResponse is not defined
Method: GET 
                   Url: /api/v1/block/mine 
                   Date: 2024-07-01 
                   Time: 14:58:35
                   Success: undefined - 
                   Message: ErrorResponse is not defined
Method: POST 
                   Url: /api/v1/wallet/transaction 
                   Date: 2024-07-01 
                   Time: 15:03:52
                   Success: undefined - 
                   Message: Cannot read properties of undefined (reading 'role')
Method: POST 
                   Url: /api/v1/wallet/transaction 
                   Date: 2024-07-01 
                   Time: 15:04:11
                   Success: undefined - 
                   Message: Cannot read properties of undefined (reading 'role')
Method: POST 
                   Url: /api/v1/wallet/transaction 
                   Date: 2024-07-01 
                   Time: 15:04:29
                   Success: undefined - 
                   Message: Cannot read properties of undefined (reading 'role')
Method: POST 
                   Url: /api/v1/wallet/transaction 
                   Date: 2024-07-01 
                   Time: 15:05:08
                   Success: undefined - 
                   Message: Cannot read properties of undefined (reading 'role')
Method: POST 
                   Url: /api/v1/wallet/transaction 
                   Date: 2024-07-01 
                   Time: 15:05:22
                   Success: undefined - 
                   Message: Cannot read properties of undefined (reading 'role')
Method: POST 
                   Url: /api/v1/wallet/transaction 
                   Date: 2024-07-01 
                   Time: 15:05:43
                   Success: undefined - 
                   Message: Cannot read properties of undefined (reading 'role')
Method: POST 
                   Url: /api/v1/wallet/transaction 
                   Date: 2024-07-01 
                   Time: 15:10:49
                   Success: undefined - 
                   Message: Cannot read properties of undefined (reading 'role')
Method: POST 
                   Url: /api/v1/wallet/transaction 
                   Date: 2024-07-01 
                   Time: 15:12:04
                   Success: undefined - 
                   Message: Cannot read properties of undefined (reading 'role')
Method: POST 
                   Url: /api/v1/wallet/transaction 
                   Date: 2024-07-01 
                   Time: 15:17:23
                   Success: undefined - 
                   Message: Cannot read properties of undefined (reading 'role')
Method: POST 
                   Url: /api/v1/wallet/transaction 
                   Date: 2024-07-01 
                   Time: 15:20:02
                   Success: undefined - 
                   Message: Cannot read properties of undefined (reading 'role')
Method: POST 
                   Url: /api/v1/auth/forgot-password 
                   Date: 2024-07-01 
                   Time: 18:18:13
                   Success: true - 
                   Message: sendPasswordResetEmail is not defined
Method: POST 
                   Url: /api/v1/wallet/transaction 
                   Date: 2024-07-02 
                   Time: 14:04:57
                   Success: false - 
                   Message:  access denied - no token provided
Method: POST 
                   Url: /api/v1/auth/register 
                   Date: 2024-07-06 
                   Time: 14:22:25
                   Success: undefined - 
                   Message: Expected double-quoted property name in JSON at position 96
Method: POST 
                   Url: /api/v1/auth/login 
                   Date: 2024-07-07 
                   Time: 14:02:09
                   Success: undefined - 
                   Message: ErrorResponse is not defined
Method: POST 
                   Url: /api/v1/auth/login 
                   Date: 2024-07-07 
                   Time: 14:02:56
                   Success: undefined - 
                   Message: ErrorResponse is not defined
Method: POST 
                   Url: /api/v1/auth/login 
                   Date: 2024-07-07 
                   Time: 14:04:34
                   Success: undefined - 
                   Message: ErrorResponse is not defined
Method: POST 
                   Url: /api/v1/auth/login 
                   Date: 2024-07-07 
                   Time: 14:05:32
                   Success: undefined - 
                   Message: ErrorResponse is not defined
Method: POST 
                   Url: /api/v1/auth/login 
                   Date: 2024-07-07 
                   Time: 14:05:36
                   Success: undefined - 
                   Message: ErrorResponse is not defined
Method: POST 
                   Url: /api/v1/auth/login 
                   Date: 2024-07-07 
                   Time: 14:23:20
                   Success: false - 
                   Message: User not found
Method: POST 
                   Url: /api/v1/auth/login 
                   Date: 2024-07-07 
                   Time: 14:23:41
                   Success: false - 
                   Message: Wrong password
Method: POST 
                   Url: /api/v1/auth/login 
                   Date: 2024-07-07 
                   Time: 14:58:28
                   Success: false - 
                   Message: Wrong password
Method: POST 
                   Url: /api/v1/auth/login 
                   Date: 2024-07-07 
                   Time: 15:00:25
                   Success: false - 
                   Message: Wrong password
Method: POST 
                   Url: /api/v1/auth/login 
                   Date: 2024-07-07 
                   Time: 15:02:27
                   Success: false - 
                   Message: Wrong password
Method: POST 
                   Url: /api/v1/auth/login 
                   Date: 2024-07-07 
                   Time: 15:03:27
                   Success: false - 
                   Message: Wrong password
Method: POST 
                   Url: /api/v1/auth/login 
                   Date: 2024-07-07 
                   Time: 15:04:22
                   Success: false - 
                   Message: Wrong password
Method: POST 
                   Url: /api/v1/auth/register 
                   Date: 2024-07-07 
                   Time: 15:19:39
                   Success: undefined - 
                   Message: E11000 duplicate key error collection: happycoin.users index: email_1 dup key: { email: "natlisjo@gmail.com" }
Method: POST 
                   Url: /api/v1/auth/register 
                   Date: 2024-07-07 
                   Time: 15:21:55
                   Success: undefined - 
                   Message: E11000 duplicate key error collection: happycoin.users index: email_1 dup key: { email: "natlisjo@gmail.com" }
Method: POST 
                   Url: /api/v1/auth/register 
                   Date: 2024-07-07 
                   Time: 15:24:35
                   Success: undefined - 
                   Message: E11000 duplicate key error collection: happycoin.users index: email_1 dup key: { email: "natlisjo@gmail.com" }
Method: POST 
                   Url: /api/v1/auth/register 
                   Date: 2024-07-07 
                   Time: 15:25:46
                   Success: undefined - 
                   Message: E11000 duplicate key error collection: happycoin.users index: email_1 dup key: { email: "natlisjo@gmail.com" }
Method: POST 
                   Url: /api/v1/auth/register 
                   Date: 2024-07-07 
                   Time: 15:32:12
                   Success: undefined - 
                   Message: E11000 duplicate key error collection: happycoin.users index: email_1 dup key: { email: "natlisjo@gmail.com" }
Method: POST 
                   Url: /api/v1/auth/register 
                   Date: 2024-07-07 
                   Time: 15:33:19
                   Success: undefined - 
                   Message: E11000 duplicate key error collection: happycoin.users index: email_1 dup key: { email: "natlisjo@gmail.com" }
Method: POST 
                   Url: /api/v1/auth/register 
                   Date: 2024-07-07 
                   Time: 15:34:44
                   Success: undefined - 
                   Message: E11000 duplicate key error collection: happycoin.users index: email_1 dup key: { email: "natlisjo@gmail.com" }
Method: POST 
                   Url: /api/v1/auth/register 
                   Date: 2024-07-07 
                   Time: 15:39:16
                   Success: undefined - 
                   Message: E11000 duplicate key error collection: happycoin.users index: email_1 dup key: { email: "natlisjo@gmail.com" }
Method: POST 
                   Url: /api/v1/auth/register 
                   Date: 2024-07-07 
                   Time: 16:02:20
                   Success: undefined - 
                   Message: E11000 duplicate key error collection: happycoin.users index: email_1 dup key: { email: "natlisjo@gmail.com" }
Method: POST 
                   Url: /api/v1/auth/register 
                   Date: 2024-07-07 
                   Time: 16:09:07
                   Success: undefined - 
                   Message: E11000 duplicate key error collection: happycoin.users index: email_1 dup key: { email: "natlisjo@gmail.com" }
Method: POST 
                   Url: /api/v1/auth/register 
                   Date: 2024-07-07 
                   Time: 16:10:38
                   Success: undefined - 
                   Message: E11000 duplicate key error collection: happycoin.users index: email_1 dup key: { email: "natlisjo@gmail.com" }
Method: PUT 
                   Url: /api/v1/auth/reset-password/ec13fde36aa80d640218b4905e5b32465f808ef9cab56c189023e8c015686899 
                   Date: 2024-07-07 
                   Time: 16:22:57
                   Success: true - 
                   Message: findUserByResetPasswordToken is not defined
Method: GET 
                   Url: /api/v1/auth/me 
                   Date: 2024-07-07 
                   Time: 16:23:13
                   Success: undefined - 
                   Message: Cannot read properties of undefined (reading 'id')
Method: GET 
                   Url: /api/v1/auth/me 
                   Date: 2024-07-08 
                   Time: 12:54:07
                   Success: undefined - 
                   Message: jwt malformed
Method: PUT 
                   Url: /api/v1/auth/update-user/ 
                   Date: 2024-07-08 
                   Time: 13:14:55
                   Success: false - 
                   Message:  access denied - no token provided
Method: PUT 
                   Url: /api/v1/auth/update-user/ 
                   Date: 2024-07-08 
                   Time: 13:15:16
                   Success: undefined - 
                   Message: jwt malformed
Method: PUT 
                   Url: /api/v1/auth/update-password/ 
                   Date: 2024-07-08 
                   Time: 13:43:58
                   Success: undefined - 
                   Message: Cannot set headers after they are sent to the client
Method: POST 
                   Url: /api/v1/auth/login 
                   Date: 2024-07-08 
                   Time: 13:44:25
                   Success: false - 
                   Message: Wrong password
Method: POST 
                   Url: /api/v1/auth/forgot-password 
                   Date: 2024-07-08 
                   Time: 17:45:15
                   Success: undefined - 
                   Message: Parameter "filter" to findOne() must be an object, got "natlisjo@gmail.com" (type string)
Method: POST 
                   Url: /api/v1/auth/forgot-password 
                   Date: 2024-07-08 
                   Time: 17:48:04
                   Success: true - 
                   Message: sendEmail is not defined
Method: PUT 
                   Url: /api/v1/auth/reset-password/844f4feae145fadf3bfa98c65a1319ab113cce55%20 
                   Date: 2024-07-08 
                   Time: 17:59:19
                   Success: false - 
                   Message: invalid token 844f4feae145fadf3bfa98c65a1319ab113cce55 
Method: PUT 
                   Url: /api/v1/auth/reset-password/a079de7f6c988f163abe0f9431bede32fd51325d 
                   Date: 2024-07-08 
                   Time: 18:00:44
                   Success: false - 
                   Message: invalid token a079de7f6c988f163abe0f9431bede32fd51325d
Method: PUT 
                   Url: /api/v1/auth/reset-password/a079de7f6c988f163abe0f9431bede32fd51325d 
                   Date: 2024-07-08 
                   Time: 18:01:26
                   Success: false - 
                   Message: invalid token a079de7f6c988f163abe0f9431bede32fd51325d
Method: PUT 
                   Url: /api/v1/auth/reset-password/ccdf754ab05ebb67db1f829d0ea14272c01f5084 
                   Date: 2024-07-08 
                   Time: 18:03:49
                   Success: undefined - 
                   Message: token is not defined
Method: PUT 
                   Url: /api/v1/auth/reset-password/ccdf754ab05ebb67db1f829d0ea14272c01f5084 
                   Date: 2024-07-08 
                   Time: 18:04:06
                   Success: undefined - 
                   Message: token is not defined
Method: PUT 
                   Url: /api/v1/auth/reset-password/8417ea6e60eb2a8778d9d24b121b03e12ec6071675755b149e5b0bb677cd1741 
                   Date: 2024-07-08 
                   Time: 18:06:27
                   Success: undefined - 
                   Message: token is not defined
Method: PUT 
                   Url: /api/v1/auth/reset-password/cf6716660d992386c417f8c8477ecc5890c54d910409366ba36a7787f80bee14 
                   Date: 2024-07-08 
                   Time: 18:07:29
                   Success: undefined - 
                   Message: token is not defined
Method: PUT 
                   Url: /api/v1/auth/reset-password/cf6716660d992386c417f8c8477ecc5890c54d910409366ba36a7787f80bee14 
                   Date: 2024-07-08 
                   Time: 18:09:19
                   Success: undefined - 
                   Message: token is not defined
Method: PUT 
                   Url: /api/v1/auth/reset-password/cf6716660d992386c417f8c8477ecc5890c54d910409366ba36a7787f80bee1457488faf717495cc7caa15d2ccc3adfa0a29fa0c8c018f8e8c67e6a63e20572c 
                   Date: 2024-07-08 
                   Time: 18:10:34
                   Success: undefined - 
                   Message: token is not defined
Method: PUT 
                   Url: /api/v1/auth/reset-password/57488faf717495cc7caa15d2ccc3adfa0a29fa0c8c018f8e8c67e6a63e20572c 
                   Date: 2024-07-08 
                   Time: 18:11:48
                   Success: undefined - 
                   Message: token is not defined
Method: GET 
                   Url: /api/v1/auth/reset-password/1064f02799885551c12776a805839f98d5ebe8c202a91b56bdc0ce3630a24fb0 
                   Date: 2024-07-08 
                   Time: 18:14:43
                   Success: undefined - 
                   Message: ErrorResponse is not defined
Method: GET 
                   Url: /api/v1/auth/reset-password/1064f02799885551c12776a805839f98d5ebe8c202a91b56bdc0ce3630a24fb0 
                   Date: 2024-07-08 
                   Time: 18:15:16
                   Success: undefined - 
                   Message: ErrorResponse is not defined
Method: PUT 
                   Url: /api/v1/auth/reset-password/1064f02799885551c12776a805839f98d5ebe8c202a91b56bdc0ce3630a24fb0 
                   Date: 2024-07-08 
                   Time: 18:17:30
                   Success: undefined - 
                   Message: token is not defined
Method: PUT 
                   Url: /api/v1/auth/reset-password/974cca7d9a37e1387821c08c510d93578646c717a9ea5628f76877fefd8a9c0b 
                   Date: 2024-07-08 
                   Time: 18:18:22
                   Success: undefined - 
                   Message: token is not defined
Method: PUT 
                   Url: /api/v1/auth/reset-password/974cca7d9a37e1387821c08c510d93578646c717a9ea5628f76877fefd8a9c0b 
                   Date: 2024-07-08 
                   Time: 18:18:34
                   Success: undefined - 
                   Message: token is not defined
Method: PUT 
                   Url: /api/v1/auth/reset-password/974cca7d9a37e1387821c08c510d93578646c717a9ea5628f76877fefd8a9c0b 
                   Date: 2024-07-08 
                   Time: 18:18:44
                   Success: undefined - 
                   Message: token is not defined
Method: PUT 
                   Url: /api/v1/auth/reset-password/974cca7d9a37e1387821c08c510d93578646c717a9ea5628f76877fefd8a9c0b 
                   Date: 2024-07-08 
                   Time: 18:20:49
                   Success: undefined - 
                   Message: token is not defined
Method: PUT 
                   Url: /api/v1/auth/reset-password/483973be6722a8c4b51663eedaf6e2c9a4b34f8c2a6a42449e3487f193d99b20 
                   Date: 2024-07-08 
                   Time: 18:21:33
                   Success: undefined - 
                   Message: token is not defined
Method: PUT 
                   Url: /api/v1/auth/reset-password/f983d871d2dfd6ea7c65421f8206d04436b2168ec900640f68a76baa3c776348 
                   Date: 2024-07-08 
                   Time: 18:29:35
                   Success: undefined - 
                   Message: token is not defined
Method: PUT 
                   Url: /api/v1/auth/reset-password/f983d871d2dfd6ea7c65421f8206d04436b2168ec900640f68a76baa3c776348 
                   Date: 2024-07-08 
                   Time: 18:30:09
                   Success: undefined - 
                   Message: token is not defined
Method: POST 
                   Url: /api/v1/auth/reset-password/f983d871d2dfd6ea7c65421f8206d04436b2168ec900640f68a76baa3c776348 
                   Date: 2024-07-08 
                   Time: 18:31:32
                   Success: undefined - 
                   Message: ErrorResponse is not defined
Method: PUT 
                   Url: /api/v1/auth/reset-password/e677a035cf7217f25e541945c36f14b12b0800cfdb583eb3422679d7d365d570 
                   Date: 2024-07-08 
                   Time: 18:32:08
                   Success: undefined - 
                   Message: token is not defined
Method: POST 
                   Url: /api/v1/auth/reset-password/e677a035cf7217f25e541945c36f14b12b0800cfdb583eb3422679d7d365d570 
                   Date: 2024-07-08 
                   Time: 18:32:17
                   Success: undefined - 
                   Message: ErrorResponse is not defined
Method: POST 
                   Url: /api/v1/auth/reset-password/e677a035cf7217f25e541945c36f14b12b0800cfdb583eb3422679d7d365d570 
                   Date: 2024-07-10 
                   Time: 14:16:34
                   Success: undefined - 
                   Message: ErrorResponse is not defined
Method: POST 
                   Url: /api/v1/auth/reset-password/a152e31f20a2d43b2e0dadf88ef001897cdabd5ab2ef73d39d048d51c050b331 
                   Date: 2024-07-10 
                   Time: 14:17:17
                   Success: undefined - 
                   Message: ErrorResponse is not defined
Method: GET 
                   Url: /api/v1/auth/reset-password/a152e31f20a2d43b2e0dadf88ef001897cdabd5ab2ef73d39d048d51c050b331 
                   Date: 2024-07-10 
                   Time: 14:17:32
                   Success: undefined - 
                   Message: ErrorResponse is not defined
Method: PUT 
                   Url: /api/v1/auth/reset-password/12c769161faaf0c9f526be51ff8409c057e261495e06b8368d7a9339c5e0b640 
                   Date: 2024-07-10 
                   Time: 14:25:04
                   Success: undefined - 
                   Message: Cannot set headers after they are sent to the client
Method: POST 
                   Url: /api/v1/block/mine 
                   Date: 2024-07-12 
                   Time: 17:31:42
                   Success: undefined - 
                   Message: Block.mineBlock is not a function
